ISim log file
Running: C:\Users\suncio\Desktop\lab of jz\MyMIPS\openmips_min_sopc_tb_isim_beh.exe -intstyle ise -gui -tclbatch isim.cmd -wdb C:/Users/suncio/Desktop/lab of jz/MyMIPS/openmips_min_sopc_tb_isim_beh.wdb 
ISim P.20131013 (signature 0x7708f090)
----------------------------------------------------------------------
WARNING:Security:42 - Your software subscription period has lapsed. Your current version of Xilinx tools will continue to function, but you no longer qualify for Xilinx software updates or new releases.


----------------------------------------------------------------------
This is a Full version of ISim.
Time resolution is 1 ps
# onerror resume
# wave add /
# run 1000 ns
Simulator is doing circuit initialization process.
ERROR: Too many words specified in datafile inst_rom.data
ERROR: Too many words specified in datafile ram0_fib.data
ERROR: Too many words specified in datafile ram1_fib.data
ERROR: Too many words specified in datafile ram2_fib.data
ERROR: Too many words specified in datafile ram3_fib.data
Finished circuit initialization process.
# restart
# run 1.00us
Simulator is doing circuit initialization process.
ERROR: Too many words specified in datafile inst_rom.data
ERROR: Too many words specified in datafile ram0_fib.data
ERROR: Too many words specified in datafile ram1_fib.data
ERROR: Too many words specified in datafile ram2_fib.data
ERROR: Too many words specified in datafile ram3_fib.data
Finished circuit initialization process.
# run 1.00us
ISim P.20131013 (signature 0x7708f090)
----------------------------------------------------------------------
WARNING:Security:42 - Your software subscription period has lapsed. Your current version of Xilinx tools will continue to function, but you no longer qualify for Xilinx software updates or new releases.


----------------------------------------------------------------------
This is a Full version of ISim.
# run 1000 ns
Simulator is doing circuit initialization process.
ERROR: Too many words specified in datafile inst_rom.data
ERROR: Too many words specified in datafile ram3_fib.data
ERROR: Too many words specified in datafile ram3_fib.data
ERROR: Too many words specified in datafile ram3_fib.data
ERROR: Too many words specified in datafile ram3_fib.data
Finished circuit initialization process.
ISim P.20131013 (signature 0x7708f090)
----------------------------------------------------------------------
WARNING:Security:42 - Your software subscription period has lapsed. Your current version of Xilinx tools will continue to function, but you no longer qualify for Xilinx software updates or new releases.


----------------------------------------------------------------------
This is a Full version of ISim.
# run 1000 ns
Simulator is doing circuit initialization process.
ERROR: Too many words specified in datafile ram3_fib.data
ERROR: Too many words specified in datafile ram3_fib.data
ERROR: Too many words specified in datafile ram3_fib.data
ERROR: Too many words specified in datafile ram3_fib.data
Finished circuit initialization process.
ISim P.20131013 (signature 0x7708f090)
----------------------------------------------------------------------
WARNING:Security:42 - Your software subscription period has lapsed. Your current version of Xilinx tools will continue to function, but you no longer qualify for Xilinx software updates or new releases.


----------------------------------------------------------------------
This is a Full version of ISim.
# run 1000 ns
Simulator is doing circuit initialization process.
ERROR: Too many words specified in datafile ram3_fib.data
ERROR: Too many words specified in datafile ram3_fib.data
ERROR: Too many words specified in datafile ram3_fib.data
ERROR: Too many words specified in datafile ram3_fib.data
Finished circuit initialization process.
# restart
# run 1.00us
Simulator is doing circuit initialization process.
ERROR: Too many words specified in datafile ram3_fib.data
ERROR: Too many words specified in datafile ram3_fib.data
ERROR: Too many words specified in datafile ram3_fib.data
ERROR: Too many words specified in datafile ram3_fib.data
Finished circuit initialization process.
# run 1.00us
ISim P.20131013 (signature 0x7708f090)
----------------------------------------------------------------------
WARNING:Security:42 - Your software subscription period has lapsed. Your current version of Xilinx tools will continue to function, but you no longer qualify for Xilinx software updates or new releases.


----------------------------------------------------------------------
This is a Full version of ISim.
# run 1000 ns
Simulator is doing circuit initialization process.
ERROR: Too many words specified in datafile ram3_fib.data
ERROR: Too many words specified in datafile ram3_fib.data
ERROR: Too many words specified in datafile ram3_fib.data
ERROR: Too many words specified in datafile ram3_fib.data
Finished circuit initialization process.
